This is pdfTeX, Version 3.14159265-2.6-1.40.21 (TeX Live 2020/W32TeX) (preloaded format=pdflatex 2020.10.26)  6 APR 2022 21:54
entering extended mode
 restricted \write18 enabled.
 %&-line parsing enabled.
**h1.tex
(./h1.tex
LaTeX2e <2020-10-01> patch level 1
L3 programming layer <2020-10-05> xparse <2020-03-03>

! LaTeX Error: File `article.cls' not found.

Type X to quit or <RETURN> to proceed,
or enter new name. (Default extension: cls)

Enter file name: 
! Emergency stop.
<read *> 
         
l.7 \title
          {Homework 1}^^M 
Here is how much of TeX's memory you used:
 22 strings out of 481865
 433 string characters out of 5929310
 257915 words of memory out of 5000000
 16445 multiletter control sequences out of 15000+600000
 535088 words of font info for 29 fonts, out of 8000000 for 9000
 14 hyphenation exceptions out of 8191
 32i,0n,39p,77b,13s stack positions out of 5000i,500n,10000p,200000b,80000s

!  ==> Fatal error occurred, no output PDF file produced!
